Started GET "/" for 127.0.0.1 at 2018-04-10 20:10:36 +0100
Processing by HomeController#index as HTML
  Rendering home/index.html.erb within layouts/application
  Rendered home/index.html.erb within layouts/application (2.7ms)
Completed 200 OK in 1065ms (Views: 848.9ms)


Started GET "/" for 127.0.0.1 at 2018-04-10 20:10:38 +0100
Processing by HomeController#index as HTML
  Rendering home/index.html.erb within layouts/application
  Rendered home/index.html.erb within layouts/application (1.7ms)
Completed 200 OK in 69ms (Views: 65.4ms)


Started GET "/artists?utf8=%E2%9C%93&artist_name=rihana&commit=Search" for 127.0.0.1 at 2018-04-10 20:10:52 +0100
Processing by ArtistsController#index as HTML
  Parameters: {"utf8"=>"✓", "artist_name"=>"rihana", "commit"=>"Search"}
Completed 500 Internal Server Error in 2ms


  
NameError (uninitialized constant ArtistsController::RSpotify):
  
app/controllers/artists_controller.rb:5:in `index'
Started GET "/artists?utf8=%E2%9C%93&artist_name=arctic+monckey&commit=Search" for 127.0.0.1 at 2018-04-10 20:13:16 +0100
Processing by ArtistsController#index as HTML
  Parameters: {"utf8"=>"✓", "artist_name"=>"arctic monckey", "commit"=>"Search"}
Completed 500 Internal Server Error in 4ms


  
NameError (uninitialized constant ArtistsController::RSpotify):
  
app/controllers/artists_controller.rb:5:in `index'
Started GET "/artists?utf8=%E2%9C%93&artist_name=arctic+monkey&commit=Search" for 127.0.0.1 at 2018-04-10 20:13:26 +0100
Processing by ArtistsController#index as HTML
  Parameters: {"utf8"=>"✓", "artist_name"=>"arctic monkey", "commit"=>"Search"}
Completed 500 Internal Server Error in 2ms


  
NameError (uninitialized constant ArtistsController::RSpotify):
  
app/controllers/artists_controller.rb:5:in `index'
Started GET "/show" for 127.0.0.1 at 2018-04-10 20:15:24 +0100
  
ActionController::RoutingError (No route matches [GET] "/show"):
  
actionpack (5.1.6) lib/action_dispatch/middleware/debug_exceptions.rb:63:in `call'
web-console (3.5.1) lib/web_console/middleware.rb:135:in `call_app'
web-console (3.5.1) lib/web_console/middleware.rb:28:in `block in call'
web-console (3.5.1) lib/web_console/middleware.rb:18:in `catch'
web-console (3.5.1) lib/web_console/middleware.rb:18:in `call'
actionpack (5.1.6) lib/action_dispatch/middleware/show_exceptions.rb:31:in `call'
railties (5.1.6) lib/rails/rack/logger.rb:36:in `call_app'
railties (5.1.6) lib/rails/rack/logger.rb:24:in `block in call'
activesupport (5.1.6) lib/active_support/tagged_logging.rb:69:in `block in tagged'
activesupport (5.1.6) lib/active_support/tagged_logging.rb:26:in `tagged'
activesupport (5.1.6) lib/active_support/tagged_logging.rb:69:in `tagged'
railties (5.1.6) lib/rails/rack/logger.rb:24:in `call'
sprockets-rails (3.2.1) lib/sprockets/rails/quiet_assets.rb:13:in `call'
actionpack (5.1.6) lib/action_dispatch/middleware/remote_ip.rb:79:in `call'
actionpack (5.1.6) lib/action_dispatch/middleware/request_id.rb:25:in `call'
rack (2.0.4) lib/rack/method_override.rb:22:in `call'
rack (2.0.4) lib/rack/runtime.rb:22:in `call'
activesupport (5.1.6) lib/active_support/cache/strategy/local_cache_middleware.rb:27:in `call'
actionpack (5.1.6) lib/action_dispatch/middleware/executor.rb:12:in `call'
actionpack (5.1.6) lib/action_dispatch/middleware/static.rb:125:in `call'
rack (2.0.4) lib/rack/sendfile.rb:111:in `call'
railties (5.1.6) lib/rails/engine.rb:522:in `call'
puma (3.11.3) lib/puma/configuration.rb:225:in `call'
puma (3.11.3) lib/puma/server.rb:624:in `handle_request'
puma (3.11.3) lib/puma/server.rb:438:in `process_client'
puma (3.11.3) lib/puma/server.rb:302:in `block in run'
puma (3.11.3) lib/puma/thread_pool.rb:120:in `block in spawn_thread'
Started GET "/" for 127.0.0.1 at 2018-04-10 20:15:29 +0100
Processing by HomeController#index as HTML
  Rendering home/index.html.erb within layouts/application
  Rendered home/index.html.erb within layouts/application (0.9ms)
Completed 200 OK in 84ms (Views: 81.0ms)


Started GET "/artists?utf8=%E2%9C%93&artist_name=&commit=Search" for 127.0.0.1 at 2018-04-10 20:15:43 +0100
Processing by ArtistsController#index as HTML
  Parameters: {"utf8"=>"✓", "artist_name"=>"", "commit"=>"Search"}
Redirected to http://localhost:3000/
Completed 302 Found in 1ms


Started GET "/" for 127.0.0.1 at 2018-04-10 20:15:43 +0100
Processing by HomeController#index as HTML
  Rendering home/index.html.erb within layouts/application
  Rendered home/index.html.erb within layouts/application (1.0ms)
Completed 200 OK in 24ms (Views: 21.0ms)


Started GET "/artists?utf8=%E2%9C%93&artist_name=&commit=Search" for 127.0.0.1 at 2018-04-10 20:15:45 +0100
Processing by ArtistsController#index as HTML
  Parameters: {"utf8"=>"✓", "artist_name"=>"", "commit"=>"Search"}
Redirected to http://localhost:3000/
Completed 302 Found in 1ms


Started GET "/" for 127.0.0.1 at 2018-04-10 20:15:45 +0100
Processing by HomeController#index as HTML
  Rendering home/index.html.erb within layouts/application
  Rendered home/index.html.erb within layouts/application (0.8ms)
Completed 200 OK in 25ms (Views: 22.1ms)


